{
  "RSpec": {
    "coverage": {
      "/root/FinalProject/app/controllers/projects_controller.rb": {
        "lines": [
          1,
          null,
          null,
          null,
          null,
          1,
          4,
          null,
          null,
          null,
          1,
          null,
          null,
          null,
          1,
          3,
          null,
          null,
          null,
          1,
          null,
          null,
          null,
          1,
          1,
          null,
          1,
          1,
          2,
          1,
          null,
          0,
          0,
          null,
          null,
          null,
          null,
          null,
          1,
          0,
          0,
          0,
          0,
          null,
          0,
          0,
          null,
          null,
          null,
          null,
          null,
          1,
          0,
          null,
          0,
          0,
          0,
          null,
          null,
          null,
          1,
          null,
          1,
          0,
          null,
          null,
          null,
          1,
          1,
          null,
          null
        ]
      },
      "/root/FinalProject/app/controllers/application_controller.rb": {
        "lines": [
          1,
          null
        ]
      },
      "/root/FinalProject/app/models/item.rb": {
        "lines": [
          1,
          null
        ]
      },
      "/root/FinalProject/app/models/project.rb": {
        "lines": [
          1,
          1,
          null
        ]
      },
      "/root/FinalProject/app/controllers/items_controller.rb": {
        "lines": [
          1,
          1,
          null,
          null,
          1,
          0,
          null,
          null,
          null,
          1,
          null,
          null,
          null,
          1,
          1,
          null,
          null,
          null,
          1,
          null,
          null,
          null,
          1,
          0,
          null,
          0,
          0,
          0,
          0,
          null,
          0,
          0,
          null,
          null,
          null,
          null,
          null,
          1,
          0,
          0,
          0,
          0,
          null,
          0,
          0,
          null,
          null,
          null,
          null,
          null,
          1,
          0,
          null,
          0,
          0,
          0,
          null,
          null,
          null,
          1,
          null,
          1,
          0,
          null,
          null,
          null,
          1,
          0,
          null,
          null
        ]
      },
      "/root/FinalProject/app/controllers/articles_controller.rb": {
        "lines": [
          1,
          1,
          1,
          null,
          null,
          null
        ]
      },
      "/root/FinalProject/app/controllers/users/confirmations_controller.rb": {
        "lines": [
          null,
          null,
          0,
          null,
          null,
          null,
          null,
          null,
          null,
          null,
          null,
          null,
          null,
          null,
          null,
          null,
          null,
          null,
          null,
          null,
          null,
          null,
          null,
          null,
          null,
          null,
          null,
          null,
          null,
          0
        ],
        "branches": {
        }
      },
      "/root/FinalProject/app/controllers/users/omniauth_callbacks_controller.rb": {
        "lines": [
          null,
          null,
          0,
          null,
          null,
          null,
          null,
          null,
          null,
          null,
          null,
          null,
          null,
          null,
          null,
          null,
          null,
          null,
          null,
          null,
          null,
          null,
          null,
          null,
          null,
          null,
          null,
          null,
          null,
          0
        ],
        "branches": {
        }
      },
      "/root/FinalProject/app/controllers/users/passwords_controller.rb": {
        "lines": [
          null,
          null,
          0,
          null,
          null,
          null,
          null,
          null,
          null,
          null,
          null,
          null,
          null,
          null,
          null,
          null,
          null,
          null,
          null,
          null,
          null,
          null,
          null,
          null,
          null,
          null,
          null,
          null,
          null,
          null,
          null,
          null,
          null,
          0
        ],
        "branches": {
        }
      },
      "/root/FinalProject/app/controllers/users/registrations_controller.rb": {
        "lines": [
          0,
          null,
          0,
          0,
          0,
          null,
          null,
          0,
          0,
          0,
          null,
          null,
          0,
          0,
          0,
          null,
          null,
          0,
          0,
          0,
          null,
          null,
          0,
          0,
          0,
          null,
          null,
          0,
          0,
          0,
          0
        ],
        "branches": {
        }
      },
      "/root/FinalProject/app/controllers/users/sessions_controller.rb": {
        "lines": [
          0,
          null,
          0,
          0,
          0,
          null,
          null,
          0,
          0,
          0,
          null,
          null,
          0,
          0,
          0,
          0
        ],
        "branches": {
        }
      },
      "/root/FinalProject/app/controllers/users/unlocks_controller.rb": {
        "lines": [
          null,
          null,
          0,
          null,
          null,
          null,
          null,
          null,
          null,
          null,
          null,
          null,
          null,
          null,
          null,
          null,
          null,
          null,
          null,
          null,
          null,
          null,
          null,
          null,
          null,
          null,
          null,
          null,
          null,
          0
        ],
        "branches": {
        }
      },
      "/root/FinalProject/app/helpers/application_helper.rb": {
        "lines": [
          0,
          0
        ],
        "branches": {
        }
      },
      "/root/FinalProject/app/helpers/articles_helper.rb": {
        "lines": [
          0,
          0
        ],
        "branches": {
        }
      },
      "/root/FinalProject/app/helpers/items_helper.rb": {
        "lines": [
          0,
          0
        ],
        "branches": {
        }
      },
      "/root/FinalProject/app/helpers/projects_helper.rb": {
        "lines": [
          0,
          0
        ],
        "branches": {
        }
      },
      "/root/FinalProject/app/mailers/application_mailer.rb": {
        "lines": [
          0,
          0,
          0,
          0
        ],
        "branches": {
        }
      },
      "/root/FinalProject/app/models/application_record.rb": {
        "lines": [
          0,
          0,
          0
        ],
        "branches": {
        }
      },
      "/root/FinalProject/app/models/article.rb": {
        "lines": [
          0,
          null,
          0,
          0,
          null
        ],
        "branches": {
        }
      },
      "/root/FinalProject/app/models/user.rb": {
        "lines": [
          0,
          null,
          null,
          0,
          0,
          null,
          0
        ],
        "branches": {
        }
      }
    },
    "timestamp": 1682623847
  }
}
